Parsing log file: logs/thread-1.log
Parsing log file: logs/thread-10.log
Parsing log file: logs/thread-11.log
Parsing log file: logs/thread-12.log
Parsing log file: logs/thread-13.log
Parsing log file: logs/thread-14.log
Parsing log file: logs/thread-15.log
Parsing log file: logs/thread-16.log
Parsing log file: logs/thread-17.log
Parsing log file: logs/thread-2.log
Parsing log file: logs/thread-3.log
Parsing log file: logs/thread-4.log
Parsing log file: logs/thread-5.log
Parsing log file: logs/thread-6.log
Parsing log file: logs/thread-7.log
Parsing log file: logs/thread-8.log
Parsing log file: logs/thread-9.log
Total files: 7042
Per image statistics for codec PNG (Lossless)
- Filesize (KiB): 0.0 | 200.0 ± 100.0 | 2000.0
- Relative Size (%): 110.0 | 650.0 ± 240.0 | 1320.0
- Time (ms) : 0.2 | 1.1 ± 1.1 | 23.1

Per image statistics for codec QOI (Lossless)
- Filesize (KiB): 0.0 | 200.0 ± 100.0 | 2000.0
- Relative Size (%): 100.0 | 660.0 ± 160.0 | 1130.0
- Time (ms) : 0.2 | 1.2 ± 1.1 | 14.8

Per image statistics for codec WEBP (Lossless)
- Filesize (KiB): 10.0 | 60.0 ± 40.0 | 570.0
- Relative Size (%): 33.0 | 249.0 ± 46.0 | 395.0
- Time (ms) : 4.0 | 53.0 ± 42.0 | 633.0

Per image statistics for codec WEBP (90%) (Lossy)
- Filesize (KiB): 0.0 | 20.0 ± 10.0 | 150.0
- Relative Size (%): 9.0 | 86.0 ± 22.0 | 169.0
- Time (ms) : 2.0 | 14.0 ± 10.0 | 156.0
Hashes:
- A Hash (%): 1.56 | 1.77 ± 0.61 | 7.81
- D Hash (%): 1.6 | 2.4 ± 1.6 | 14.1
- P Hash (%): 1.6 | 2.1 ± 1.1 | 10.9
Metrics:
- MAE       : 0.0 | 0.019 ± 0.019 | 0.165
- MSE       : 0.01 | 0.27 ± 0.26 | 2.5
- SSIM      : 0.9619 | 0.998 ± 0.0035 | 1.0
- MS SSIM   : 0.699 | 0.97 ± 0.047 | 1.0
- GMSM      : 0.451 | 0.927 ± 0.091 | 1.0
- GMSD      : 0.0 | 0.18 ± 0.12 | 0.48

Per image statistics for codec WEBP (80%) (Lossy)
- Filesize (KiB): 2.0 | 12.0 ± 8.0 | 98.0
- Relative Size (%): 5.0 | 56.0 ± 19.0 | 119.0
- Time (ms) : 2.3 | 12.9 ± 9.3 | 149.5
Hashes:
- A Hash (%): 1.56 | 1.77 ± 0.61 | 7.81
- D Hash (%): 1.6 | 2.4 ± 1.6 | 14.1
- P Hash (%): 1.6 | 2.1 ± 1.1 | 10.9
Metrics:
- MAE       : 0.0 | 0.019 ± 0.019 | 0.165
- MSE       : 0.01 | 0.27 ± 0.26 | 2.5
- SSIM      : 0.9619 | 0.998 ± 0.0035 | 1.0
- MS SSIM   : 0.699 | 0.97 ± 0.047 | 1.0
- GMSM      : 0.451 | 0.927 ± 0.091 | 1.0
- GMSD      : 0.0 | 0.18 ± 0.12 | 0.48

Per image statistics for codec WEBP (50%) (Lossy)
- Filesize (KiB): 1.0 | 8.0 ± 5.0 | 66.0
- Relative Size (%): 3.0 | 36.0 ± 15.0 | 87.0
- Time (ms) : 1.9 | 11.9 ± 8.6 | 122.7
Hashes:
- A Hash (%): 1.56 | 1.77 ± 0.61 | 7.81
- D Hash (%): 1.6 | 2.4 ± 1.6 | 14.1
- P Hash (%): 1.6 | 2.1 ± 1.1 | 10.9
Metrics:
- MAE       : 0.0 | 0.019 ± 0.019 | 0.165
- MSE       : 0.01 | 0.27 ± 0.26 | 2.5
- SSIM      : 0.9619 | 0.998 ± 0.0035 | 1.0
- MS SSIM   : 0.699 | 0.97 ± 0.047 | 1.0
- GMSM      : 0.451 | 0.927 ± 0.091 | 1.0
- GMSD      : 0.0 | 0.18 ± 0.12 | 0.48

Per image statistics for codec WEBP (15%) (Lossy)
- Filesize (KiB): 1.0 | 4.0 ± 3.0 | 37.0
- Relative Size (%): 1.7 | 20.2 ± 9.1 | 59.9
- Time (ms) : 2.0 | 11.0 ± 8.0 | 119.4
Hashes:
- A Hash (%): 1.56 | 1.77 ± 0.61 | 7.81
- D Hash (%): 1.6 | 2.4 ± 1.6 | 14.1
- P Hash (%): 1.6 | 2.1 ± 1.1 | 10.9
Metrics:
- MAE       : 0.0 | 0.019 ± 0.019 | 0.165
- MSE       : 0.01 | 0.27 ± 0.26 | 2.5
- SSIM      : 0.9619 | 0.998 ± 0.0035 | 1.0
- MS SSIM   : 0.699 | 0.97 ± 0.047 | 1.0
- GMSM      : 0.451 | 0.927 ± 0.091 | 1.0
- GMSD      : 0.0 | 0.18 ± 0.12 | 0.48

Per image statistics for codec JPEG (90%) (Lossy)
- Filesize (KiB): 10.0 | 30.0 ± 10.0 | 270.0
- Relative Size (%): 19.0 | 142.0 ± 22.0 | 197.0
- Time (ms) : 21.0 | 117.0 ± 58.0 | 1088.0
Hashes:
- A Hash (%): 1.56 | 1.77 ± 0.61 | 7.81
- D Hash (%): 1.6 | 2.4 ± 1.6 | 14.1
- P Hash (%): 1.6 | 2.1 ± 1.1 | 10.9
Metrics:
- MAE       : 0.0 | 0.019 ± 0.019 | 0.165
- MSE       : 0.01 | 0.27 ± 0.26 | 2.5
- SSIM      : 0.9619 | 0.998 ± 0.0035 | 1.0
- MS SSIM   : 0.699 | 0.97 ± 0.047 | 1.0
- GMSM      : 0.451 | 0.927 ± 0.091 | 1.0
- GMSD      : 0.0 | 0.18 ± 0.12 | 0.48

Per image statistics for codec JPEG (80%) (Lossy)
- Filesize (KiB): 10.0 | 20.0 ± 10.0 | 200.0
- Relative Size (%): 13.0 | 111.0 ± 19.0 | 157.0
- Time (ms) : 17.0 | 92.0 ± 44.0 | 742.0
Hashes:
- A Hash (%): 1.56 | 1.77 ± 0.61 | 7.81
- D Hash (%): 1.6 | 2.4 ± 1.6 | 14.1
- P Hash (%): 1.6 | 2.1 ± 1.1 | 10.9
Metrics:
- MAE       : 0.0 | 0.019 ± 0.019 | 0.165
- MSE       : 0.01 | 0.27 ± 0.26 | 2.5
- SSIM      : 0.9619 | 0.998 ± 0.0035 | 1.0
- MS SSIM   : 0.699 | 0.97 ± 0.047 | 1.0
- GMSM      : 0.451 | 0.927 ± 0.091 | 1.0
- GMSD      : 0.0 | 0.18 ± 0.12 | 0.48

Per image statistics for codec JPEG (50%) (Lossy)
- Filesize (KiB): 4.0 | 19.0 ± 8.0 | 136.0
- Relative Size (%): 9.0 | 86.0 ± 17.0 | 124.0
- Time (ms) : 11.0 | 71.0 ± 33.0 | 553.0
Hashes:
- A Hash (%): 1.56 | 1.77 ± 0.61 | 7.81
- D Hash (%): 1.6 | 2.4 ± 1.6 | 14.1
- P Hash (%): 1.6 | 2.1 ± 1.1 | 10.9
Metrics:
- MAE       : 0.0 | 0.019 ± 0.019 | 0.165
- MSE       : 0.01 | 0.27 ± 0.26 | 2.5
- SSIM      : 0.9619 | 0.998 ± 0.0035 | 1.0
- MS SSIM   : 0.699 | 0.97 ± 0.047 | 1.0
- GMSM      : 0.451 | 0.927 ± 0.091 | 1.0
- GMSD      : 0.0 | 0.18 ± 0.12 | 0.48

Per image statistics for codec JPEG (15%) (Lossy)
- Filesize (KiB): 3.0 | 11.0 ± 5.0 | 86.0
- Relative Size (%): 5.0 | 50.0 ± 11.0 | 88.0
- Time (ms) : 7.0 | 42.0 ± 20.0 | 340.0
Hashes:
- A Hash (%): 1.56 | 1.77 ± 0.61 | 7.81
- D Hash (%): 1.6 | 2.4 ± 1.6 | 14.1
- P Hash (%): 1.6 | 2.1 ± 1.1 | 10.9
Metrics:
- MAE       : 0.0 | 0.019 ± 0.019 | 0.165
- MSE       : 0.01 | 0.27 ± 0.26 | 2.5
- SSIM      : 0.9619 | 0.998 ± 0.0035 | 1.0
- MS SSIM   : 0.699 | 0.97 ± 0.047 | 1.0
- GMSM      : 0.451 | 0.927 ± 0.091 | 1.0
- GMSD      : 0.0 | 0.18 ± 0.12 | 0.48

Per image statistics for codec PNG (pngquant 128) (Lossy)
- Filesize (KiB): 10.0 | 100.0 ± 50.0 | 980.0
- Relative Size (%): 60.0 | 440.0 ± 120.0 | 650.0
- Time (ms) : 8.0 | 53.0 ± 27.0 | 499.0
Hashes:
- A Hash (%): 1.56 | 1.77 ± 0.61 | 7.81
- D Hash (%): 1.6 | 2.4 ± 1.6 | 14.1
- P Hash (%): 1.6 | 2.1 ± 1.1 | 10.9
Metrics:
- MAE       : 0.0 | 0.019 ± 0.019 | 0.165
- MSE       : 0.01 | 0.27 ± 0.26 | 2.5
- SSIM      : 0.9619 | 0.998 ± 0.0035 | 1.0
- MS SSIM   : 0.699 | 0.97 ± 0.047 | 1.0
- GMSM      : 0.451 | 0.927 ± 0.091 | 1.0
- GMSD      : 0.0 | 0.18 ± 0.12 | 0.48

Per image statistics for codec PNG (pngquant 256) (Lossy)
- Filesize (KiB): 10.0 | 110.0 ± 60.0 | 1120.0
- Relative Size (%): 60.0 | 480.0 ± 130.0 | 730.0
- Time (ms) : 7.0 | 52.0 ± 26.0 | 460.0
Hashes:
- A Hash (%): 1.56 | 1.77 ± 0.61 | 7.81
- D Hash (%): 1.6 | 2.4 ± 1.6 | 14.1
- P Hash (%): 1.6 | 2.1 ± 1.1 | 10.9
Metrics:
- MAE       : 0.0 | 0.019 ± 0.019 | 0.165
- MSE       : 0.01 | 0.27 ± 0.26 | 2.5
- SSIM      : 0.9619 | 0.998 ± 0.0035 | 1.0
- MS SSIM   : 0.699 | 0.97 ± 0.047 | 1.0
- GMSM      : 0.451 | 0.927 ± 0.091 | 1.0
- GMSD      : 0.0 | 0.18 ± 0.12 | 0.48

