Total files: 99999
Per image statistics for codec PNG (Lossless)
- Filesize (KiB): 0.0 | 1000.0 ± 400.0 | 2400.0
- Relative Size (%): 110.0 | 980.0 ± 110.0 | 1630.0
- Time (ms) : 1.2 | 5.2 ± 2.0 | 59.6

Per image statistics for codec QOI (Lossless)
- Filesize (KiB): 0.0 | 1000.0 ± 300.0 | 2900.0
- Relative Size (%): 120.0 | 1040.0 ± 210.0 | 2250.0
- Time (ms) : 0.9 | 5.3 ± 2.1 | 47.2

Per image statistics for codec WEBP (Lossless)
- Filesize (KiB): 0.0 | 500.0 ± 200.0 | 1700.0
- Relative Size (%): 6.0 | 501.0 ± 84.0 | 962.0
- Time (ms) : 6.0 | 301.0 ± 55.0 | 776.0

Per image statistics for codec WEBP (90%) (Lossy)
- Filesize (KiB): 0.0 | 130.0 ± 70.0 | 500.0
- Relative Size (%): 12.0 | 119.0 ± 15.0 | 164.0
- Time (ms) : 16.0 | 63.0 ± 23.0 | 5472.0
Hashes:
- A Hash (%): 0.0 | 0.17 ± 0.61 | 34.38
- D Hash (%): 0.0 | 0.42 ± 0.95 | 21.88
- P Hash (%): 0.0 | 0.1 ± 0.4 | 12.5
Metrics:
- MAE (%)   : 0.01 | 1.66 ± 0.36 | 9.46
- MSE (%)   : 1.0 | 21.8 ± 4.2 | 119.0
- SSIM (%)  : 98.003 | 99.957 ± 0.035 | 99.999
- MS SSIM (%): 94.47 | 99.03 ± 0.32 | 100.0
- GMSM (%)  : 64.6 | 94.6 ± 3.6 | 99.9
- GMSD (%)  : 1.2 | 15.6 ± 6.7 | 45.9

Per image statistics for codec WEBP (80%) (Lossy)
- Filesize (KiB): 0.0 | 90.0 ± 50.0 | 390.0
- Relative Size (%): 12.0 | 77.0 ± 14.0 | 125.0
- Time (ms) : 15.0 | 57.0 ± 14.0 | 226.0
Hashes:
- A Hash (%): 0.0 | 0.18 ± 0.64 | 37.5
- D Hash (%): 0.0 | 0.44 ± 0.98 | 23.44
- P Hash (%): 0.0 | 0.11 ± 0.43 | 10.94
Metrics:
- MAE (%)   : 0.01 | 2.56 ± 0.63 | 9.79
- MSE (%)   : 1.4 | 33.5 ± 7.0 | 122.7
- SSIM (%)  : 93.624 | 99.886 ± 0.093 | 99.998
- MS SSIM (%): 91.98 | 97.82 ± 0.74 | 99.99
- GMSM (%)  : 39.6 | 91.5 ± 5.5 | 99.7
- GMSD (%)  : 1.8 | 19.4 ± 8.1 | 48.2

Per image statistics for codec WEBP (50%) (Lossy)
- Filesize (KiB): 0.0 | 50.0 ± 30.0 | 300.0
- Relative Size (%): 7.0 | 48.0 ± 11.0 | 93.0
- Time (ms) : 13.0 | 51.0 ± 12.0 | 216.0
Hashes:
- A Hash (%): 0.0 | 0.21 ± 0.67 | 34.38
- D Hash (%): 0.0 | 0.5 ± 1.0 | 20.3
- P Hash (%): 0.0 | 0.14 ± 0.47 | 9.38
Metrics:
- MAE (%)   : 0.0 | 3.8 ± 1.1 | 10.5
- MSE (%)   : 2.0 | 51.0 ± 13.0 | 131.0
- SSIM (%)  : 83.52 | 99.72 ± 0.24 | 99.99
- MS SSIM (%): 79.4 | 95.6 ± 1.6 | 100.0
- GMSM (%)  : 20.2 | 87.5 ± 7.3 | 99.6
- GMSD (%)  : 3.0 | 23.2 ± 8.6 | 48.8

Per image statistics for codec WEBP (15%) (Lossy)
- Filesize (KiB): 0.0 | 30.0 ± 20.0 | 190.0
- Relative Size (%): 3.8 | 24.9 ± 5.6 | 58.6
- Time (ms) : 12.0 | 46.0 ± 11.0 | 218.0
Hashes:
- A Hash (%): 0.0 | 0.28 ± 0.77 | 39.06
- D Hash (%): 0.0 | 0.7 ± 1.3 | 26.6
- P Hash (%): 0.0 | 0.2 ± 0.58 | 17.19
Metrics:
- MAE (%)   : 0.3 | 5.8 ± 2.0 | 16.2
- MSE (%)   : 13.0 | 80.0 ± 25.0 | 206.0
- SSIM (%)  : 69.86 | 99.23 ± 0.72 | 99.99
- MS SSIM (%): 59.7 | 90.6 ± 3.8 | 99.9
- GMSM (%)  : 18.3 | 82.2 ± 8.3 | 99.1
- GMSD (%)  : 5.2 | 27.1 ± 8.1 | 48.9

Per image statistics for codec JPEG (90%) (Lossy)
- Filesize (KiB): 20.0 | 170.0 ± 70.0 | 650.0
- Relative Size (%): 138.6 | 167.6 ± 8.1 | 215.6
- Time (ms) : 60.0 | 540.0 ± 220.0 | 6060.0
Hashes:
- A Hash (%): 0.0 | 0.05 ± 0.36 | 37.5
- D Hash (%): 0.0 | 0.12 ± 0.44 | 7.81
- P Hash (%): 0.0 | 0.05 ± 0.29 | 4.69
Metrics:
- MAE (%)   : 0.0 | 0.89 ± 0.43 | 3.93
- MSE (%)   : 0.3 | 14.0 ± 5.1 | 50.7
- SSIM (%)  : 99.328 | 99.98 ± 0.022 | 100.0
- MS SSIM (%): 98.96 | 99.748 ± 0.074 | 100.0
- GMSM (%)  : 85.82 | 98.27 ± 0.99 | 99.94
- GMSD (%)  : 0.8 | 8.8 ± 3.4 | 32.7

Per image statistics for codec JPEG (80%) (Lossy)
- Filesize (KiB): 20.0 | 130.0 ± 50.0 | 470.0
- Relative Size (%): 107.2 | 123.7 ± 6.4 | 168.4
- Time (ms) : 60.0 | 400.0 ± 160.0 | 6050.0
Hashes:
- A Hash (%): 0.0 | 0.03 ± 0.28 | 21.88
- D Hash (%): 0.0 | 0.09 ± 0.41 | 9.38
- P Hash (%): 0.0 | 0.06 ± 0.31 | 4.69
Metrics:
- MAE (%)   : 0.0 | 1.27 ± 0.55 | 5.29
- MSE (%)   : 0.5 | 18.7 ± 6.6 | 67.7
- SSIM (%)  : 98.857 | 99.963 ± 0.04 | 99.999
- MS SSIM (%): 98.2 | 99.55 ± 0.13 | 100.0
- GMSM (%)  : 85.4 | 97.2 ± 1.5 | 99.9
- GMSD (%)  : 1.2 | 10.8 ± 4.0 | 32.3

Per image statistics for codec JPEG (50%) (Lossy)
- Filesize (KiB): 20.0 | 90.0 ± 30.0 | 290.0
- Relative Size (%): 67.8 | 89.0 ± 5.6 | 167.3
- Time (ms) : 50.0 | 290.0 ± 110.0 | 5570.0
Hashes:
- A Hash (%): 0.0 | 0.2 ± 0.66 | 40.62
- D Hash (%): 0.0 | 0.6 ± 1.2 | 29.7
- P Hash (%): 0.0 | 0.17 ± 0.53 | 9.38
Metrics:
- MAE (%)   : 0.0 | 4.1 ± 2.0 | 19.6
- MSE (%)   : 2.0 | 58.0 ± 27.0 | 230.0
- SSIM (%)  : 84.24 | 99.5 ± 0.6 | 99.99
- MS SSIM (%): 72.0 | 95.9 ± 2.0 | 100.0
- GMSM (%)  : 71.7 | 92.3 ± 4.1 | 99.9
- GMSD (%)  : 2.2 | 17.4 ± 6.2 | 42.4

Per image statistics for codec JPEG (15%) (Lossy)
- Filesize (KiB): 10.0 | 40.0 ± 10.0 | 140.0
- Relative Size (%): 18.6 | 42.4 ± 8.4 | 166.0
- Time (ms) : 32.0 | 143.0 ± 42.0 | 527.0
Hashes:
- A Hash (%): 0.0 | 0.32 ± 0.86 | 31.25
- D Hash (%): 0.0 | 0.9 ± 1.6 | 34.4
- P Hash (%): 0.0 | 0.31 ± 0.75 | 42.19
Metrics:
- MAE (%)   : 1.0 | 7.1 ± 2.7 | 28.7
- MSE (%)   : 18.0 | 95.0 ± 35.0 | 344.0
- SSIM (%)  : 62.8 | 98.8 ± 1.3 | 100.0
- MS SSIM (%): 30.8 | 88.7 ± 5.2 | 100.0
- GMSM (%)  : 11.0 | 77.0 ± 11.0 | 100.0
- GMSD (%)  : 5.2 | 32.6 ± 8.3 | 48.9

Per image statistics for codec PNG (pngquant 128) (Lossy)
- Filesize (KiB): 0.0 | 310.0 ± 90.0 | 690.0
- Relative Size (%): 14.0 | 311.0 ± 67.0 | 839.0
- Time (ms) : 45.0 | 356.0 ± 96.0 | 5675.0
Hashes:
- A Hash (%): 0.0 | 0.15 ± 0.54 | 18.75
- D Hash (%): 0.0 | 0.43 ± 0.91 | 12.5
- P Hash (%): 0.0 | 0.17 ± 0.52 | 6.25
Metrics:
- MAE (%)   : 0.0 | 3.3 ± 1.4 | 12.9
- MSE (%)   : 0.0 | 46.0 ± 18.0 | 157.0
- SSIM (%)  : 96.353 | 99.918 ± 0.065 | 100.0
- MS SSIM (%): 82.9 | 97.5 ± 1.7 | 100.0
- GMSM (%)  : 69.3 | 94.6 ± 3.6 | 100.0
- GMSD (%)  : 0.0 | 16.2 ± 6.9 | 43.3

Per image statistics for codec PNG (pngquant 256) (Lossy)
- Filesize (KiB): 0.0 | 400.0 ± 100.0 | 800.0
- Relative Size (%): 14.0 | 371.0 ± 77.0 | 1002.0
- Time (ms) : 50.0 | 350.0 ± 110.0 | 6170.0
Hashes:
- A Hash (%): 0.0 | 0.11 ± 0.46 | 18.75
- D Hash (%): 0.0 | 0.31 ± 0.77 | 14.06
- P Hash (%): 0.0 | 0.13 ± 0.45 | 4.69
Metrics:
- MAE (%)   : 0.0 | 2.5 ± 1.1 | 10.2
- MSE (%)   : 0.0 | 36.0 ± 14.0 | 125.0
- SSIM (%)  : 96.44 | 99.953 ± 0.039 | 100.0
- MS SSIM (%): 87.9 | 98.62 ± 0.98 | 100.0
- GMSM (%)  : 72.1 | 95.7 ± 3.1 | 100.0
- GMSD (%)  : 0.0 | 14.1 ± 6.8 | 42.4

