Parsing log file: datasets/Kaggle/Cards Image Dataset-Classification/logs/thread-1.log
Total files: 8154
Per image statistics for codec PNG (Lossless)
- Filesize (KiB): 70.0 ± 30.0
- Relative Size (%): 104.0 | 351.0 ± 72.0 | 537.0
- Time (ms) : 0.105 | 0.244 ± 0.043 | 0.651

Per image statistics for codec QOI (Lossless)
- Filesize (KiB): 70.0 ± 30.0
- Relative Size (%): 80.0 | 346.0 ± 94.0 | 737.0
- Time (ms) : 0.071 | 0.218 ± 0.052 | 0.451

Per image statistics for codec WEBP (Lossless)
- Filesize (KiB): 40.0 ± 20.0
- Relative Size (%): 28.0 | 187.0 ± 51.0 | 336.0
- Time (ms) : 1.0 | 24.4 ± 8.6 | 51.1

Per image statistics for codec WEBP (90%) (Lossy)
- Filesize (KiB): 10.0 ± 6.0
- Relative Size (%): 21.3 | 48.5 ± 9.5 | 75.3
- Time (ms) : 1.26 | 2.84 ± 0.65 | 4.93
Hashes:
- A Hash (%): 0.0 | 0.19 ± 0.61 | 9.38
- D Hash (%): 0.0 | 0.5 ± 1.1 | 10.9
- P Hash (%): 0.0 | 0.07 ± 0.36 | 4.69
Metrics:
- MAE (%)   : 0.12 | 1.7 ± 0.71 | 5.14
- MSE (%)   : 0.001 | 0.027 ± 0.024 | 0.27
- SSIM (%)  : 98.485 | 99.954 ± 0.054 | 99.998
- MS SSIM (%): 95.76 | 99.13 ± 0.6 | 99.99
- GMSM (%)  : 58.7 | 90.6 ± 6.5 | 99.8
- GMSD (%)  : 1.6 | 22.5 ± 9.1 | 47.7

Per image statistics for codec WEBP (80%) (Lossy)
- Filesize (KiB): 7.0 ± 4.0
- Relative Size (%): 11.3 | 32.2 ± 7.3 | 56.7
- Time (ms) : 1.2 | 2.5 ± 0.55 | 4.35
Hashes:
- A Hash (%): 0.0 | 0.22 ± 0.65 | 9.38
- D Hash (%): 0.0 | 0.6 ± 1.2 | 10.9
- P Hash (%): 0.0 | 0.1 ± 0.42 | 4.69
Metrics:
- MAE (%)   : 0.2 | 2.5 ± 1.0 | 6.3
- MSE (%)   : 0.003 | 0.056 ± 0.038 | 0.325
- SSIM (%)  : 97.23 | 99.88 ± 0.14 | 100.0
- MS SSIM (%): 89.4 | 98.2 ± 1.5 | 100.0
- GMSM (%)  : 37.7 | 87.3 ± 8.4 | 99.6
- GMSD (%)  : 2.4 | 25.8 ± 9.6 | 48.7

Per image statistics for codec WEBP (50%) (Lossy)
- Filesize (KiB): 5.0 ± 3.0
- Relative Size (%): 7.0 | 21.1 ± 5.6 | 42.9
- Time (ms) : 1.18 | 2.25 ± 0.46 | 4.26
Hashes:
- A Hash (%): 0.0 | 0.29 ± 0.76 | 9.38
- D Hash (%): 0.0 | 0.8 ± 1.4 | 14.1
- P Hash (%): 0.0 | 0.15 ± 0.55 | 9.38
Metrics:
- MAE (%)   : 0.3 | 3.6 ± 1.6 | 9.0
- MSE (%)   : 0.009 | 0.123 ± 0.079 | 0.504
- SSIM (%)  : 93.08 | 99.72 ± 0.33 | 99.99
- MS SSIM (%): 76.8 | 96.6 ± 3.0 | 99.9
- GMSM (%)  : 33.0 | 83.0 ± 10.0 | 99.0
- GMSD (%)  : 3.9 | 29.5 ± 9.6 | 48.3

Per image statistics for codec WEBP (15%) (Lossy)
- Filesize (KiB): 3.0 ± 2.0
- Relative Size (%): 3.9 | 12.5 ± 3.6 | 29.8
- Time (ms) : 1.27 | 2.05 ± 0.33 | 3.48
Hashes:
- A Hash (%): 0.0 | 0.45 ± 0.96 | 12.5
- D Hash (%): 0.0 | 1.4 ± 1.9 | 17.2
- P Hash (%): 0.0 | 0.29 ± 0.78 | 10.94
Metrics:
- MAE (%)   : 0.5 | 5.6 ± 2.5 | 14.7
- MSE (%)   : 0.03 | 0.32 ± 0.22 | 1.28
- SSIM (%)  : 84.05 | 99.25 ± 0.88 | 99.95
- MS SSIM (%): 55.8 | 93.7 ± 5.4 | 99.7
- GMSM (%)  : 29.0 | 78.0 ± 11.0 | 98.0
- GMSD (%)  : 6.9 | 32.9 ± 8.8 | 48.4

Per image statistics for codec JPEG (90%) (Lossy)
- Filesize (KiB): 17.0 ± 7.0
- Relative Size (%): 72.8 | 85.3 ± 4.2 | 106.9
- Time (ms) : 7.0 | 39.0 ± 17.0 | 183.0
Hashes:
- A Hash (%): 0.0 | 0.12 ± 0.53 | 10.94
- D Hash (%): 0.0 | 0.23 ± 0.68 | 9.38
- P Hash (%): 0.0 | 0.04 ± 0.26 | 3.12
Metrics:
- MAE (%)   : 0.17 | 1.77 ± 0.93 | 4.82
- MSE (%)   : 0.003 | 0.032 ± 0.023 | 0.13
- SSIM (%)  : 96.86 | 99.91 ± 0.13 | 100.0
- MS SSIM (%): 89.9 | 98.9 ± 1.3 | 100.0
- GMSM (%)  : 79.7 | 94.7 ± 3.3 | 99.9
- GMSD (%)  : 0.8 | 17.1 ± 6.9 | 36.0

Per image statistics for codec JPEG (80%) (Lossy)
- Filesize (KiB): 12.0 ± 5.0
- Relative Size (%): 42.2 | 61.3 ± 4.9 | 90.1
- Time (ms) : 6.0 | 28.0 ± 12.0 | 78.0
Hashes:
- A Hash (%): 0.0 | 0.13 ± 0.54 | 9.38
- D Hash (%): 0.0 | 0.3 ± 0.79 | 9.38
- P Hash (%): 0.0 | 0.07 ± 0.35 | 4.69
Metrics:
- MAE (%)   : 0.2 | 2.6 ± 1.4 | 7.8
- MSE (%)   : 0.005 | 0.073 ± 0.058 | 0.336
- SSIM (%)  : 93.22 | 99.8 ± 0.3 | 99.99
- MS SSIM (%): 81.6 | 98.0 ± 2.3 | 100.0
- GMSM (%)  : 38.1 | 91.7 ± 5.3 | 99.8
- GMSD (%)  : 1.4 | 21.1 ± 8.5 | 47.4

Per image statistics for codec JPEG (50%) (Lossy)
- Filesize (KiB): 8.0 ± 3.0
- Relative Size (%): 22.1 | 40.4 ± 5.7 | 77.9
- Time (ms) : 5.0 | 18.0 ± 13.0 | 1039.0
Hashes:
- A Hash (%): 0.0 | 0.28 ± 0.75 | 7.81
- D Hash (%): 0.0 | 0.7 ± 1.3 | 14.1
- P Hash (%): 0.0 | 0.14 ± 0.5 | 7.81
Metrics:
- MAE (%)   : 0.4 | 4.3 ± 2.4 | 17.1
- MSE (%)   : 0.01 | 0.21 ± 0.2 | 1.57
- SSIM (%)  : 85.25 | 99.45 ± 0.78 | 99.98
- MS SSIM (%): 65.1 | 96.2 ± 4.1 | 99.9
- GMSM (%)  : 35.2 | 84.4 ± 9.8 | 99.5
- GMSD (%)  : 3.0 | 29.0 ± 10.0 | 48.0

Per image statistics for codec JPEG (15%) (Lossy)
- Filesize (KiB): 4.0 ± 1.0
- Relative Size (%): 10.3 | 24.3 ± 5.8 | 68.1
- Time (ms) : 4.5 | 9.7 ± 3.3 | 25.0
Hashes:
- A Hash (%): 0.0 | 0.6 ± 1.1 | 18.8
- D Hash (%): 0.0 | 1.7 ± 2.2 | 17.2
- P Hash (%): 0.0 | 0.36 ± 0.84 | 9.38
Metrics:
- MAE (%)   : 0.6 | 7.6 ± 3.8 | 30.2
- MSE (%)   : 0.04 | 0.64 ± 0.65 | 5.36
- SSIM (%)  : 68.1 | 98.5 ± 1.9 | 99.9
- MS SSIM (%): 45.4 | 91.5 ± 7.3 | 99.5
- GMSM (%)  : 19.0 | 76.0 ± 14.0 | 98.0
- GMSD (%)  : 6.6 | 34.5 ± 8.3 | 49.0

Per image statistics for codec AVIF (90%) (Lossy)
- Filesize (KiB): 10.0 ± 5.0
- Relative Size (%): 27.7 | 47.8 ± 6.9 | 65.8
- Time (ms) : 15.1 | 33.3 ± 7.6 | 56.4
Hashes:
- A Hash (%): 0.0 | 0.1 ± 0.44 | 6.25
- D Hash (%): 0.0 | 0.31 ± 0.81 | 14.06
- P Hash (%): 0.0 | 0.07 ± 0.33 | 3.12
Metrics:
- MAE (%)   : 0.13 | 1.58 ± 0.66 | 3.71
- MSE (%)   : 0.001 | 0.022 ± 0.013 | 0.082
- SSIM (%)  : 98.839 | 99.951 ± 0.054 | 99.998
- MS SSIM (%): 96.74 | 99.14 ± 0.51 | 99.98
- GMSM (%)  : 41.9 | 90.2 ± 7.0 | 99.7
- GMSD (%)  : 2.0 | 23.0 ± 9.2 | 48.3

Per image statistics for codec AVIF (80%) (Lossy)
- Filesize (KiB): 7.0 ± 4.0
- Relative Size (%): 13.6 | 31.6 ± 5.7 | 49.4
- Time (ms) : 14.9 | 31.4 ± 7.2 | 55.3
Hashes:
- A Hash (%): 0.0 | 0.16 ± 0.56 | 7.81
- D Hash (%): 0.0 | 0.5 ± 1.0 | 10.9
- P Hash (%): 0.0 | 0.11 ± 0.45 | 9.38
Metrics:
- MAE (%)   : 0.2 | 2.6 ± 1.2 | 6.4
- MSE (%)   : 0.005 | 0.061 ± 0.039 | 0.237
- SSIM (%)  : 96.84 | 99.85 ± 0.18 | 99.99
- MS SSIM (%): 88.1 | 97.9 ± 1.7 | 99.9
- GMSM (%)  : 34.5 | 86.0 ± 9.0 | 99.4
- GMSD (%)  : 3.0 | 27.1 ± 9.6 | 48.7

Per image statistics for codec AVIF (50%) (Lossy)
- Filesize (KiB): 4.0 ± 2.0
- Relative Size (%): 7.1 | 18.9 ± 4.5 | 36.8
- Time (ms) : 21.0 | 54.0 ± 14.0 | 103.0
Hashes:
- A Hash (%): 0.0 | 0.29 ± 0.75 | 9.38
- D Hash (%): 0.0 | 0.9 ± 1.5 | 14.1
- P Hash (%): 0.0 | 0.18 ± 0.57 | 6.25
Metrics:
- MAE (%)   : 0.4 | 4.2 ± 2.0 | 11.8
- MSE (%)   : 0.02 | 0.17 ± 0.12 | 0.74
- SSIM (%)  : 89.68 | 99.55 ± 0.55 | 99.98
- MS SSIM (%): 72.0 | 95.4 ± 3.9 | 99.7
- GMSM (%)  : 31.0 | 81.0 ± 11.0 | 99.0
- GMSD (%)  : 4.9 | 31.3 ± 9.1 | 48.8

Per image statistics for codec AVIF (15%) (Lossy)
- Filesize (KiB): 1.6 ± 0.9
- Relative Size (%): 2.7 | 8.5 ± 2.1 | 18.8
- Time (ms) : 21.0 | 43.0 ± 11.0 | 81.0
Hashes:
- A Hash (%): 0.0 | 0.7 ± 1.2 | 10.9
- D Hash (%): 0.0 | 2.0 ± 2.4 | 23.4
- P Hash (%): 0.0 | 0.5 ± 1.1 | 15.6
Metrics:
- MAE (%)   : 1.2 | 8.3 ± 4.1 | 29.6
- MSE (%)   : 0.07 | 0.77 ± 0.61 | 4.74
- SSIM (%)  : 52.8 | 98.0 ± 2.2 | 99.9
- MS SSIM (%): 37.1 | 88.2 ± 8.5 | 99.1
- GMSM (%)  : 26.0 | 73.0 ± 11.0 | 94.0
- GMSD (%)  : 11.5 | 35.9 ± 7.0 | 48.5

Per image statistics for codec PNG (pngquant 128) (Lossy)
- Filesize (KiB): 24.0 ± 8.0
- Relative Size (%): 40.0 | 130.0 ± 35.0 | 250.0
- Time (ms) : 5.4 | 14.2 ± 5.0 | 227.9
Hashes:
- A Hash (%): 0.0 | 0.11 ± 0.49 | 10.94
- D Hash (%): 0.0 | 0.25 ± 0.71 | 10.94
- P Hash (%): 0.0 | 0.07 ± 0.34 | 4.69
Metrics:
- MAE (%)   : 0.0 | 1.4 ± 1.3 | 8.9
- MSE (%)   : 0.0 | 0.034 ± 0.045 | 0.506
- SSIM (%)  : 99.427 | 99.972 ± 0.035 | 100.0
- MS SSIM (%): 94.76 | 99.66 ± 0.4 | 100.0
- GMSM (%)  : 78.8 | 97.1 ± 2.8 | 100.0
- GMSD (%)  : 0.0 | 11.3 ± 7.0 | 38.4

Per image statistics for codec PNG (pngquant 256) (Lossy)
- Filesize (KiB): 30.0 ± 10.0
- Relative Size (%): 40.0 | 154.0 ± 42.0 | 318.0
- Time (ms) : 4.6 | 15.6 ± 5.4 | 47.0
Hashes:
- A Hash (%): 0.0 | 0.08 ± 0.43 | 10.94
- D Hash (%): 0.0 | 0.18 ± 0.58 | 6.25
- P Hash (%): 0.0 | 0.05 ± 0.28 | 3.12
Metrics:
- MAE (%)   : 0.0 | 1.1 ± 1.0 | 6.9
- MSE (%)   : 0.0 | 0.021 ± 0.028 | 0.31
- SSIM (%)  : 99.665 | 99.984 ± 0.021 | 100.0
- MS SSIM (%): 95.43 | 99.8 ± 0.26 | 100.0
- GMSM (%)  : 82.2 | 98.1 ± 1.9 | 100.0
- GMSD (%)  : 0.0 | 8.8 ± 5.9 | 34.1

