#Generated using python comparador/parse-logs.py -i
Total files: 99999
Per image statistics for codec PNG (Lossless)
- Filesize:	980 KiB
- Relative Size (%): 110.0 | 980.0 ± 110.0 | 1630.0
- Time (ms) : 1.2 | 5.2 ± 2.0 | 59.6

Per image statistics for codec QOI (Lossless)
- Filesize:	998 KiB
- Relative Size (%): 120.0 | 1040.0 ± 210.0 | 2250.0
- Time (ms) : 0.9 | 5.3 ± 2.1 | 47.2

Per image statistics for codec WEBP (Lossless)
- Filesize:	503 KiB
- Relative Size (%): 6.0 | 501.0 ± 84.0 | 962.0
- Time (ms) : 6.0 | 301.0 ± 55.0 | 776.0

Per image statistics for codec WEBP (90%) (Lossy)
- Filesize:	127 KiB
- Relative Size (%): 12.0 | 119.0 ± 15.0 | 164.0
- Time (ms) : 16.0 | 63.0 ± 23.0 | 5472.0
Hashes:
- A Hash (%): 0.0 | 0.17 ± 0.62 | 40.62
- D Hash (%): 0.0 | 0.5 ± 1.0 | 34.4
- P Hash (%): 0.0 | 0.15 ± 0.5 | 42.19
Metrics:
- MAE       : 0.0 | 0.033 ± 0.024 | 0.287
- MSE       : 0.0 | 0.45 ± 0.31 | 3.44
- SSIM      : 0.6277 | 0.9969 ± 0.0063 | 1.0
- MS SSIM   : 0.308 | 0.963 ± 0.043 | 1.0
- GMSM      : 0.107 | 0.91 ± 0.088 | 1.0
- GMSD      : 0.0 | 0.185 ± 0.098 | 0.489

Per image statistics for codec WEBP (80%) (Lossy)
- Filesize:	84 KiB
- Relative Size (%): 12.0 | 77.0 ± 14.0 | 125.0
- Time (ms) : 15.0 | 57.0 ± 14.0 | 226.0
Hashes:
- A Hash (%): 0.0 | 0.17 ± 0.62 | 40.62
- D Hash (%): 0.0 | 0.5 ± 1.0 | 34.4
- P Hash (%): 0.0 | 0.15 ± 0.5 | 42.19
Metrics:
- MAE       : 0.0 | 0.033 ± 0.024 | 0.287
- MSE       : 0.0 | 0.45 ± 0.31 | 3.44
- SSIM      : 0.6277 | 0.9969 ± 0.0063 | 1.0
- MS SSIM   : 0.308 | 0.963 ± 0.043 | 1.0
- GMSM      : 0.107 | 0.91 ± 0.088 | 1.0
- GMSD      : 0.0 | 0.185 ± 0.098 | 0.489

Per image statistics for codec WEBP (50%) (Lossy)
- Filesize:	53 KiB
- Relative Size (%): 7.0 | 48.0 ± 11.0 | 93.0
- Time (ms) : 13.0 | 51.0 ± 12.0 | 216.0
Hashes:
- A Hash (%): 0.0 | 0.17 ± 0.62 | 40.62
- D Hash (%): 0.0 | 0.5 ± 1.0 | 34.4
- P Hash (%): 0.0 | 0.15 ± 0.5 | 42.19
Metrics:
- MAE       : 0.0 | 0.033 ± 0.024 | 0.287
- MSE       : 0.0 | 0.45 ± 0.31 | 3.44
- SSIM      : 0.6277 | 0.9969 ± 0.0063 | 1.0
- MS SSIM   : 0.308 | 0.963 ± 0.043 | 1.0
- GMSM      : 0.107 | 0.91 ± 0.088 | 1.0
- GMSD      : 0.0 | 0.185 ± 0.098 | 0.489

Per image statistics for codec WEBP (15%) (Lossy)
- Filesize:	27 KiB
- Relative Size (%): 3.8 | 24.9 ± 5.6 | 58.6
- Time (ms) : 12.0 | 46.0 ± 11.0 | 218.0
Hashes:
- A Hash (%): 0.0 | 0.17 ± 0.62 | 40.62
- D Hash (%): 0.0 | 0.5 ± 1.0 | 34.4
- P Hash (%): 0.0 | 0.15 ± 0.5 | 42.19
Metrics:
- MAE       : 0.0 | 0.033 ± 0.024 | 0.287
- MSE       : 0.0 | 0.45 ± 0.31 | 3.44
- SSIM      : 0.6277 | 0.9969 ± 0.0063 | 1.0
- MS SSIM   : 0.308 | 0.963 ± 0.043 | 1.0
- GMSM      : 0.107 | 0.91 ± 0.088 | 1.0
- GMSD      : 0.0 | 0.185 ± 0.098 | 0.489

Per image statistics for codec JPEG (90%) (Lossy)
- Filesize:	170 KiB
- Relative Size (%): 138.6 | 167.6 ± 8.1 | 215.6
- Time (ms) : 60.0 | 540.0 ± 220.0 | 6060.0
Hashes:
- A Hash (%): 0.0 | 0.17 ± 0.62 | 40.62
- D Hash (%): 0.0 | 0.5 ± 1.0 | 34.4
- P Hash (%): 0.0 | 0.15 ± 0.5 | 42.19
Metrics:
- MAE       : 0.0 | 0.033 ± 0.024 | 0.287
- MSE       : 0.0 | 0.45 ± 0.31 | 3.44
- SSIM      : 0.6277 | 0.9969 ± 0.0063 | 1.0
- MS SSIM   : 0.308 | 0.963 ± 0.043 | 1.0
- GMSM      : 0.107 | 0.91 ± 0.088 | 1.0
- GMSD      : 0.0 | 0.185 ± 0.098 | 0.489

Per image statistics for codec JPEG (80%) (Lossy)
- Filesize:	125 KiB
- Relative Size (%): 107.2 | 123.7 ± 6.4 | 168.4
- Time (ms) : 60.0 | 400.0 ± 160.0 | 6050.0
Hashes:
- A Hash (%): 0.0 | 0.17 ± 0.62 | 40.62
- D Hash (%): 0.0 | 0.5 ± 1.0 | 34.4
- P Hash (%): 0.0 | 0.15 ± 0.5 | 42.19
Metrics:
- MAE       : 0.0 | 0.033 ± 0.024 | 0.287
- MSE       : 0.0 | 0.45 ± 0.31 | 3.44
- SSIM      : 0.6277 | 0.9969 ± 0.0063 | 1.0
- MS SSIM   : 0.308 | 0.963 ± 0.043 | 1.0
- GMSM      : 0.107 | 0.91 ± 0.088 | 1.0
- GMSD      : 0.0 | 0.185 ± 0.098 | 0.489

Per image statistics for codec JPEG (50%) (Lossy)
- Filesize:	89 KiB
- Relative Size (%): 67.8 | 89.0 ± 5.6 | 167.3
- Time (ms) : 50.0 | 290.0 ± 110.0 | 5570.0
Hashes:
- A Hash (%): 0.0 | 0.17 ± 0.62 | 40.62
- D Hash (%): 0.0 | 0.5 ± 1.0 | 34.4
- P Hash (%): 0.0 | 0.15 ± 0.5 | 42.19
Metrics:
- MAE       : 0.0 | 0.033 ± 0.024 | 0.287
- MSE       : 0.0 | 0.45 ± 0.31 | 3.44
- SSIM      : 0.6277 | 0.9969 ± 0.0063 | 1.0
- MS SSIM   : 0.308 | 0.963 ± 0.043 | 1.0
- GMSM      : 0.107 | 0.91 ± 0.088 | 1.0
- GMSD      : 0.0 | 0.185 ± 0.098 | 0.489

Per image statistics for codec JPEG (15%) (Lossy)
- Filesize:	41 KiB
- Relative Size (%): 18.6 | 42.4 ± 8.4 | 166.0
- Time (ms) : 32.0 | 143.0 ± 42.0 | 527.0
Hashes:
- A Hash (%): 0.0 | 0.17 ± 0.62 | 40.62
- D Hash (%): 0.0 | 0.5 ± 1.0 | 34.4
- P Hash (%): 0.0 | 0.15 ± 0.5 | 42.19
Metrics:
- MAE       : 0.0 | 0.033 ± 0.024 | 0.287
- MSE       : 0.0 | 0.45 ± 0.31 | 3.44
- SSIM      : 0.6277 | 0.9969 ± 0.0063 | 1.0
- MS SSIM   : 0.308 | 0.963 ± 0.043 | 1.0
- GMSM      : 0.107 | 0.91 ± 0.088 | 1.0
- GMSD      : 0.0 | 0.185 ± 0.098 | 0.489

Per image statistics for codec PNG (pngquant 128) (Lossy)
- Filesize:	299 KiB
- Relative Size (%): 14.0 | 311.0 ± 67.0 | 839.0
- Time (ms) : 45.0 | 356.0 ± 96.0 | 5675.0
Hashes:
- A Hash (%): 0.0 | 0.17 ± 0.62 | 40.62
- D Hash (%): 0.0 | 0.5 ± 1.0 | 34.4
- P Hash (%): 0.0 | 0.15 ± 0.5 | 42.19
Metrics:
- MAE       : 0.0 | 0.033 ± 0.024 | 0.287
- MSE       : 0.0 | 0.45 ± 0.31 | 3.44
- SSIM      : 0.6277 | 0.9969 ± 0.0063 | 1.0
- MS SSIM   : 0.308 | 0.963 ± 0.043 | 1.0
- GMSM      : 0.107 | 0.91 ± 0.088 | 1.0
- GMSD      : 0.0 | 0.185 ± 0.098 | 0.489

Per image statistics for codec PNG (pngquant 256) (Lossy)
- Filesize:	359 KiB
- Relative Size (%): 14.0 | 371.0 ± 77.0 | 1002.0
- Time (ms) : 50.0 | 350.0 ± 110.0 | 6170.0
Hashes:
- A Hash (%): 0.0 | 0.17 ± 0.62 | 40.62
- D Hash (%): 0.0 | 0.5 ± 1.0 | 34.4
- P Hash (%): 0.0 | 0.15 ± 0.5 | 42.19
Metrics:
- MAE       : 0.0 | 0.033 ± 0.024 | 0.287
- MSE       : 0.0 | 0.45 ± 0.31 | 3.44
- SSIM      : 0.6277 | 0.9969 ± 0.0063 | 1.0
- MS SSIM   : 0.308 | 0.963 ± 0.043 | 1.0
- GMSM      : 0.107 | 0.91 ± 0.088 | 1.0
- GMSD      : 0.0 | 0.185 ± 0.098 | 0.489

